  CnsClass.cpp
  FileClass.cpp
C:\dev\SW3NCW.Installer\Source\FileClass.cpp(118,19): warning C4244: =: преобразование "std::streamoff" в "int", возможна потеря данных
  pugixml.cpp
  LogClass.cpp
  main.cpp
  pugixml_read.cpp
  Создание кода
  Previous IPDB not found, fall back to full compilation.
C:\dev\SW3NCW.Installer\Source\pugixml_read.cpp(25): warning C4172: возвращение адреса локальной или временной переменной : selfdir
  All 334 functions were compiled because no usable IPDB/IOBJ from previous compilation was found.
  Создание кода завершено
libcurl.lib(asyn-thread.obj) : warning LNK4099: "libcurl.pdb" PDB не найден с "libcurl.lib(asyn-thread.obj)" или на "C:\dev\SW3NCW.Installer\Release\libcurl.pdb"; компоновка объекта выполняется как при отсутствии отладочных данных
libcurl.lib(base64.obj) : warning LNK4099: "libcurl.pdb" PDB не найден с "libcurl.lib(base64.obj)" или на "C:\dev\SW3NCW.Installer\Release\libcurl.pdb"; компоновка объекта выполняется как при отсутствии отладочных данных
libcurl.lib(conncache.obj) : warning LNK4099: "libcurl.pdb" PDB не найден с "libcurl.lib(conncache.obj)" или на "C:\dev\SW3NCW.Installer\Release\libcurl.pdb"; компоновка объекта выполняется как при отсутствии отладочных данных
libcurl.lib(connect.obj) : warning LNK4099: "libcurl.pdb" PDB не найден с "libcurl.lib(connect.obj)" или на "C:\dev\SW3NCW.Installer\Release\libcurl.pdb"; компоновка объекта выполняется как при отсутствии отладочных данных
libcurl.lib(content_encoding.obj) : warning LNK4099: "libcurl.pdb" PDB не найден с "libcurl.lib(content_encoding.obj)" или на "C:\dev\SW3NCW.Installer\Release\libcurl.pdb"; компоновка объекта выполняется как при отсутствии отладочных данных
libcurl.lib(cookie.obj) : warning LNK4099: "libcurl.pdb" PDB не найден с "libcurl.lib(cookie.obj)" или на "C:\dev\SW3NCW.Installer\Release\libcurl.pdb"; компоновка объекта выполняется как при отсутствии отладочных данных
libcurl.lib(curl_addrinfo.obj) : warning LNK4099: "libcurl.pdb" PDB не найден с "libcurl.lib(curl_addrinfo.obj)" или на "C:\dev\SW3NCW.Installer\Release\libcurl.pdb"; компоновка объекта выполняется как при отсутствии отладочных данных
libcurl.lib(curl_ctype.obj) : warning LNK4099: "libcurl.pdb" PDB не найден с "libcurl.lib(curl_ctype.obj)" или на "C:\dev\SW3NCW.Installer\Release\libcurl.pdb"; компоновка объекта выполняется как при отсутствии отладочных данных
libcurl.lib(curl_des.obj) : warning LNK4099: "libcurl.pdb" PDB не найден с "libcurl.lib(curl_des.obj)" или на "C:\dev\SW3NCW.Installer\Release\libcurl.pdb"; компоновка объекта выполняется как при отсутствии отладочных данных
libcurl.lib(curl_endian.obj) : warning LNK4099: "libcurl.pdb" PDB не найден с "libcurl.lib(curl_endian.obj)" или на "C:\dev\SW3NCW.Installer\Release\libcurl.pdb"; компоновка объекта выполняется как при отсутствии отладочных данных
libcurl.lib(curl_fnmatch.obj) : warning LNK4099: "libcurl.pdb" PDB не найден с "libcurl.lib(curl_fnmatch.obj)" или на "C:\dev\SW3NCW.Installer\Release\libcurl.pdb"; компоновка объекта выполняется как при отсутствии отладочных данных
libcurl.lib(curl_gethostname.obj) : warning LNK4099: "libcurl.pdb" PDB не найден с "libcurl.lib(curl_gethostname.obj)" или на "C:\dev\SW3NCW.Installer\Release\libcurl.pdb"; компоновка объекта выполняется как при отсутствии отладочных данных
libcurl.lib(curl_get_line.obj) : warning LNK4099: "libcurl.pdb" PDB не найден с "libcurl.lib(curl_get_line.obj)" или на "C:\dev\SW3NCW.Installer\Release\libcurl.pdb"; компоновка объекта выполняется как при отсутствии отладочных данных
libcurl.lib(curl_memrchr.obj) : warning LNK4099: "libcurl.pdb" PDB не найден с "libcurl.lib(curl_memrchr.obj)" или на "C:\dev\SW3NCW.Installer\Release\libcurl.pdb"; компоновка объекта выполняется как при отсутствии отладочных данных
libcurl.lib(curl_multibyte.obj) : warning LNK4099: "libcurl.pdb" PDB не найден с "libcurl.lib(curl_multibyte.obj)" или на "C:\dev\SW3NCW.Installer\Release\libcurl.pdb"; компоновка объекта выполняется как при отсутствии отладочных данных
libcurl.lib(curl_ntlm_core.obj) : warning LNK4099: "libcurl.pdb" PDB не найден с "libcurl.lib(curl_ntlm_core.obj)" или на "C:\dev\SW3NCW.Installer\Release\libcurl.pdb"; компоновка объекта выполняется как при отсутствии отладочных данных
libcurl.lib(curl_range.obj) : warning LNK4099: "libcurl.pdb" PDB не найден с "libcurl.lib(curl_range.obj)" или на "C:\dev\SW3NCW.Installer\Release\libcurl.pdb"; компоновка объекта выполняется как при отсутствии отладочных данных
libcurl.lib(curl_sasl.obj) : warning LNK4099: "libcurl.pdb" PDB не найден с "libcurl.lib(curl_sasl.obj)" или на "C:\dev\SW3NCW.Installer\Release\libcurl.pdb"; компоновка объекта выполняется как при отсутствии отладочных данных
libcurl.lib(curl_threads.obj) : warning LNK4099: "libcurl.pdb" PDB не найден с "libcurl.lib(curl_threads.obj)" или на "C:\dev\SW3NCW.Installer\Release\libcurl.pdb"; компоновка объекта выполняется как при отсутствии отладочных данных
libcurl.lib(dict.obj) : warning LNK4099: "libcurl.pdb" PDB не найден с "libcurl.lib(dict.obj)" или на "C:\dev\SW3NCW.Installer\Release\libcurl.pdb"; компоновка объекта выполняется как при отсутствии отладочных данных
libcurl.lib(doh.obj) : warning LNK4099: "libcurl.pdb" PDB не найден с "libcurl.lib(doh.obj)" или на "C:\dev\SW3NCW.Installer\Release\libcurl.pdb"; компоновка объекта выполняется как при отсутствии отладочных данных
libcurl.lib(dotdot.obj) : warning LNK4099: "libcurl.pdb" PDB не найден с "libcurl.lib(dotdot.obj)" или на "C:\dev\SW3NCW.Installer\Release\libcurl.pdb"; компоновка объекта выполняется как при отсутствии отладочных данных
libcurl.lib(easy.obj) : warning LNK4099: "libcurl.pdb" PDB не найден с "libcurl.lib(easy.obj)" или на "C:\dev\SW3NCW.Installer\Release\libcurl.pdb"; компоновка объекта выполняется как при отсутствии отладочных данных
libcurl.lib(escape.obj) : warning LNK4099: "libcurl.pdb" PDB не найден с "libcurl.lib(escape.obj)" или на "C:\dev\SW3NCW.Installer\Release\libcurl.pdb"; компоновка объекта выполняется как при отсутствии отладочных данных
libcurl.lib(file.obj) : warning LNK4099: "libcurl.pdb" PDB не найден с "libcurl.lib(file.obj)" или на "C:\dev\SW3NCW.Installer\Release\libcurl.pdb"; компоновка объекта выполняется как при отсутствии отладочных данных
libcurl.lib(fileinfo.obj) : warning LNK4099: "libcurl.pdb" PDB не найден с "libcurl.lib(fileinfo.obj)" или на "C:\dev\SW3NCW.Installer\Release\libcurl.pdb"; компоновка объекта выполняется как при отсутствии отладочных данных
libcurl.lib(formdata.obj) : warning LNK4099: "libcurl.pdb" PDB не найден с "libcurl.lib(formdata.obj)" или на "C:\dev\SW3NCW.Installer\Release\libcurl.pdb"; компоновка объекта выполняется как при отсутствии отладочных данных
libcurl.lib(ftp.obj) : warning LNK4099: "libcurl.pdb" PDB не найден с "libcurl.lib(ftp.obj)" или на "C:\dev\SW3NCW.Installer\Release\libcurl.pdb"; компоновка объекта выполняется как при отсутствии отладочных данных
libcurl.lib(ftplistparser.obj) : warning LNK4099: "libcurl.pdb" PDB не найден с "libcurl.lib(ftplistparser.obj)" или на "C:\dev\SW3NCW.Installer\Release\libcurl.pdb"; компоновка объекта выполняется как при отсутствии отладочных данных
libcurl.lib(getenv.obj) : warning LNK4099: "libcurl.pdb" PDB не найден с "libcurl.lib(getenv.obj)" или на "C:\dev\SW3NCW.Installer\Release\libcurl.pdb"; компоновка объекта выполняется как при отсутствии отладочных данных
libcurl.lib(getinfo.obj) : warning LNK4099: "libcurl.pdb" PDB не найден с "libcurl.lib(getinfo.obj)" или на "C:\dev\SW3NCW.Installer\Release\libcurl.pdb"; компоновка объекта выполняется как при отсутствии отладочных данных
libcurl.lib(gopher.obj) : warning LNK4099: "libcurl.pdb" PDB не найден с "libcurl.lib(gopher.obj)" или на "C:\dev\SW3NCW.Installer\Release\libcurl.pdb"; компоновка объекта выполняется как при отсутствии отладочных данных
libcurl.lib(hash.obj) : warning LNK4099: "libcurl.pdb" PDB не найден с "libcurl.lib(hash.obj)" или на "C:\dev\SW3NCW.Installer\Release\libcurl.pdb"; компоновка объекта выполняется как при отсутствии отладочных данных
libcurl.lib(hmac.obj) : warning LNK4099: "libcurl.pdb" PDB не найден с "libcurl.lib(hmac.obj)" или на "C:\dev\SW3NCW.Installer\Release\libcurl.pdb"; компоновка объекта выполняется как при отсутствии отладочных данных
libcurl.lib(hostasyn.obj) : warning LNK4099: "libcurl.pdb" PDB не найден с "libcurl.lib(hostasyn.obj)" или на "C:\dev\SW3NCW.Installer\Release\libcurl.pdb"; компоновка объекта выполняется как при отсутствии отладочных данных
libcurl.lib(hostip6.obj) : warning LNK4099: "libcurl.pdb" PDB не найден с "libcurl.lib(hostip6.obj)" или на "C:\dev\SW3NCW.Installer\Release\libcurl.pdb"; компоновка объекта выполняется как при отсутствии отладочных данных
libcurl.lib(hostip.obj) : warning LNK4099: "libcurl.pdb" PDB не найден с "libcurl.lib(hostip.obj)" или на "C:\dev\SW3NCW.Installer\Release\libcurl.pdb"; компоновка объекта выполняется как при отсутствии отладочных данных
libcurl.lib(http.obj) : warning LNK4099: "libcurl.pdb" PDB не найден с "libcurl.lib(http.obj)" или на "C:\dev\SW3NCW.Installer\Release\libcurl.pdb"; компоновка объекта выполняется как при отсутствии отладочных данных
libcurl.lib(http_chunks.obj) : warning LNK4099: "libcurl.pdb" PDB не найден с "libcurl.lib(http_chunks.obj)" или на "C:\dev\SW3NCW.Installer\Release\libcurl.pdb"; компоновка объекта выполняется как при отсутствии отладочных данных
libcurl.lib(http_digest.obj) : warning LNK4099: "libcurl.pdb" PDB не найден с "libcurl.lib(http_digest.obj)" или на "C:\dev\SW3NCW.Installer\Release\libcurl.pdb"; компоновка объекта выполняется как при отсутствии отладочных данных
libcurl.lib(http_ntlm.obj) : warning LNK4099: "libcurl.pdb" PDB не найден с "libcurl.lib(http_ntlm.obj)" или на "C:\dev\SW3NCW.Installer\Release\libcurl.pdb"; компоновка объекта выполняется как при отсутствии отладочных данных
libcurl.lib(http_proxy.obj) : warning LNK4099: "libcurl.pdb" PDB не найден с "libcurl.lib(http_proxy.obj)" или на "C:\dev\SW3NCW.Installer\Release\libcurl.pdb"; компоновка объекта выполняется как при отсутствии отладочных данных
libcurl.lib(if2ip.obj) : warning LNK4099: "libcurl.pdb" PDB не найден с "libcurl.lib(if2ip.obj)" или на "C:\dev\SW3NCW.Installer\Release\libcurl.pdb"; компоновка объекта выполняется как при отсутствии отладочных данных
libcurl.lib(imap.obj) : warning LNK4099: "libcurl.pdb" PDB не найден с "libcurl.lib(imap.obj)" или на "C:\dev\SW3NCW.Installer\Release\libcurl.pdb"; компоновка объекта выполняется как при отсутствии отладочных данных
libcurl.lib(inet_ntop.obj) : warning LNK4099: "libcurl.pdb" PDB не найден с "libcurl.lib(inet_ntop.obj)" или на "C:\dev\SW3NCW.Installer\Release\libcurl.pdb"; компоновка объекта выполняется как при отсутствии отладочных данных
libcurl.lib(inet_pton.obj) : warning LNK4099: "libcurl.pdb" PDB не найден с "libcurl.lib(inet_pton.obj)" или на "C:\dev\SW3NCW.Installer\Release\libcurl.pdb"; компоновка объекта выполняется как при отсутствии отладочных данных
libcurl.lib(ldap.obj) : warning LNK4099: "libcurl.pdb" PDB не найден с "libcurl.lib(ldap.obj)" или на "C:\dev\SW3NCW.Installer\Release\libcurl.pdb"; компоновка объекта выполняется как при отсутствии отладочных данных
libcurl.lib(llist.obj) : warning LNK4099: "libcurl.pdb" PDB не найден с "libcurl.lib(llist.obj)" или на "C:\dev\SW3NCW.Installer\Release\libcurl.pdb"; компоновка объекта выполняется как при отсутствии отладочных данных
libcurl.lib(md4.obj) : warning LNK4099: "libcurl.pdb" PDB не найден с "libcurl.lib(md4.obj)" или на "C:\dev\SW3NCW.Installer\Release\libcurl.pdb"; компоновка объекта выполняется как при отсутствии отладочных данных
libcurl.lib(md5.obj) : warning LNK4099: "libcurl.pdb" PDB не найден с "libcurl.lib(md5.obj)" или на "C:\dev\SW3NCW.Installer\Release\libcurl.pdb"; компоновка объекта выполняется как при отсутствии отладочных данных
libcurl.lib(mime.obj) : warning LNK4099: "libcurl.pdb" PDB не найден с "libcurl.lib(mime.obj)" или на "C:\dev\SW3NCW.Installer\Release\libcurl.pdb"; компоновка объекта выполняется как при отсутствии отладочных данных
libcurl.lib(mprintf.obj) : warning LNK4099: "libcurl.pdb" PDB не найден с "libcurl.lib(mprintf.obj)" или на "C:\dev\SW3NCW.Installer\Release\libcurl.pdb"; компоновка объекта выполняется как при отсутствии отладочных данных
libcurl.lib(multi.obj) : warning LNK4099: "libcurl.pdb" PDB не найден с "libcurl.lib(multi.obj)" или на "C:\dev\SW3NCW.Installer\Release\libcurl.pdb"; компоновка объекта выполняется как при отсутствии отладочных данных
libcurl.lib(netrc.obj) : warning LNK4099: "libcurl.pdb" PDB не найден с "libcurl.lib(netrc.obj)" или на "C:\dev\SW3NCW.Installer\Release\libcurl.pdb"; компоновка объекта выполняется как при отсутствии отладочных данных
libcurl.lib(nonblock.obj) : warning LNK4099: "libcurl.pdb" PDB не найден с "libcurl.lib(nonblock.obj)" или на "C:\dev\SW3NCW.Installer\Release\libcurl.pdb"; компоновка объекта выполняется как при отсутствии отладочных данных
libcurl.lib(parsedate.obj) : warning LNK4099: "libcurl.pdb" PDB не найден с "libcurl.lib(parsedate.obj)" или на "C:\dev\SW3NCW.Installer\Release\libcurl.pdb"; компоновка объекта выполняется как при отсутствии отладочных данных
libcurl.lib(pingpong.obj) : warning LNK4099: "libcurl.pdb" PDB не найден с "libcurl.lib(pingpong.obj)" или на "C:\dev\SW3NCW.Installer\Release\libcurl.pdb"; компоновка объекта выполняется как при отсутствии отладочных данных
libcurl.lib(pop3.obj) : warning LNK4099: "libcurl.pdb" PDB не найден с "libcurl.lib(pop3.obj)" или на "C:\dev\SW3NCW.Installer\Release\libcurl.pdb"; компоновка объекта выполняется как при отсутствии отладочных данных
libcurl.lib(progress.obj) : warning LNK4099: "libcurl.pdb" PDB не найден с "libcurl.lib(progress.obj)" или на "C:\dev\SW3NCW.Installer\Release\libcurl.pdb"; компоновка объекта выполняется как при отсутствии отладочных данных
libcurl.lib(rand.obj) : warning LNK4099: "libcurl.pdb" PDB не найден с "libcurl.lib(rand.obj)" или на "C:\dev\SW3NCW.Installer\Release\libcurl.pdb"; компоновка объекта выполняется как при отсутствии отладочных данных
libcurl.lib(rename.obj) : warning LNK4099: "libcurl.pdb" PDB не найден с "libcurl.lib(rename.obj)" или на "C:\dev\SW3NCW.Installer\Release\libcurl.pdb"; компоновка объекта выполняется как при отсутствии отладочных данных
libcurl.lib(rtsp.obj) : warning LNK4099: "libcurl.pdb" PDB не найден с "libcurl.lib(rtsp.obj)" или на "C:\dev\SW3NCW.Installer\Release\libcurl.pdb"; компоновка объекта выполняется как при отсутствии отладочных данных
libcurl.lib(select.obj) : warning LNK4099: "libcurl.pdb" PDB не найден с "libcurl.lib(select.obj)" или на "C:\dev\SW3NCW.Installer\Release\libcurl.pdb"; компоновка объекта выполняется как при отсутствии отладочных данных
libcurl.lib(sendf.obj) : warning LNK4099: "libcurl.pdb" PDB не найден с "libcurl.lib(sendf.obj)" или на "C:\dev\SW3NCW.Installer\Release\libcurl.pdb"; компоновка объекта выполняется как при отсутствии отладочных данных
libcurl.lib(setopt.obj) : warning LNK4099: "libcurl.pdb" PDB не найден с "libcurl.lib(setopt.obj)" или на "C:\dev\SW3NCW.Installer\Release\libcurl.pdb"; компоновка объекта выполняется как при отсутствии отладочных данных
libcurl.lib(sha256.obj) : warning LNK4099: "libcurl.pdb" PDB не найден с "libcurl.lib(sha256.obj)" или на "C:\dev\SW3NCW.Installer\Release\libcurl.pdb"; компоновка объекта выполняется как при отсутствии отладочных данных
libcurl.lib(share.obj) : warning LNK4099: "libcurl.pdb" PDB не найден с "libcurl.lib(share.obj)" или на "C:\dev\SW3NCW.Installer\Release\libcurl.pdb"; компоновка объекта выполняется как при отсутствии отладочных данных
libcurl.lib(slist.obj) : warning LNK4099: "libcurl.pdb" PDB не найден с "libcurl.lib(slist.obj)" или на "C:\dev\SW3NCW.Installer\Release\libcurl.pdb"; компоновка объекта выполняется как при отсутствии отладочных данных
libcurl.lib(smb.obj) : warning LNK4099: "libcurl.pdb" PDB не найден с "libcurl.lib(smb.obj)" или на "C:\dev\SW3NCW.Installer\Release\libcurl.pdb"; компоновка объекта выполняется как при отсутствии отладочных данных
libcurl.lib(smtp.obj) : warning LNK4099: "libcurl.pdb" PDB не найден с "libcurl.lib(smtp.obj)" или на "C:\dev\SW3NCW.Installer\Release\libcurl.pdb"; компоновка объекта выполняется как при отсутствии отладочных данных
libcurl.lib(socketpair.obj) : warning LNK4099: "libcurl.pdb" PDB не найден с "libcurl.lib(socketpair.obj)" или на "C:\dev\SW3NCW.Installer\Release\libcurl.pdb"; компоновка объекта выполняется как при отсутствии отладочных данных
libcurl.lib(socks.obj) : warning LNK4099: "libcurl.pdb" PDB не найден с "libcurl.lib(socks.obj)" или на "C:\dev\SW3NCW.Installer\Release\libcurl.pdb"; компоновка объекта выполняется как при отсутствии отладочных данных
libcurl.lib(speedcheck.obj) : warning LNK4099: "libcurl.pdb" PDB не найден с "libcurl.lib(speedcheck.obj)" или на "C:\dev\SW3NCW.Installer\Release\libcurl.pdb"; компоновка объекта выполняется как при отсутствии отладочных данных
libcurl.lib(splay.obj) : warning LNK4099: "libcurl.pdb" PDB не найден с "libcurl.lib(splay.obj)" или на "C:\dev\SW3NCW.Installer\Release\libcurl.pdb"; компоновка объекта выполняется как при отсутствии отладочных данных
libcurl.lib(strcase.obj) : warning LNK4099: "libcurl.pdb" PDB не найден с "libcurl.lib(strcase.obj)" или на "C:\dev\SW3NCW.Installer\Release\libcurl.pdb"; компоновка объекта выполняется как при отсутствии отладочных данных
libcurl.lib(strdup.obj) : warning LNK4099: "libcurl.pdb" PDB не найден с "libcurl.lib(strdup.obj)" или на "C:\dev\SW3NCW.Installer\Release\libcurl.pdb"; компоновка объекта выполняется как при отсутствии отладочных данных
libcurl.lib(strerror.obj) : warning LNK4099: "libcurl.pdb" PDB не найден с "libcurl.lib(strerror.obj)" или на "C:\dev\SW3NCW.Installer\Release\libcurl.pdb"; компоновка объекта выполняется как при отсутствии отладочных данных
libcurl.lib(strtok.obj) : warning LNK4099: "libcurl.pdb" PDB не найден с "libcurl.lib(strtok.obj)" или на "C:\dev\SW3NCW.Installer\Release\libcurl.pdb"; компоновка объекта выполняется как при отсутствии отладочных данных
libcurl.lib(strtoofft.obj) : warning LNK4099: "libcurl.pdb" PDB не найден с "libcurl.lib(strtoofft.obj)" или на "C:\dev\SW3NCW.Installer\Release\libcurl.pdb"; компоновка объекта выполняется как при отсутствии отладочных данных
libcurl.lib(system_win32.obj) : warning LNK4099: "libcurl.pdb" PDB не найден с "libcurl.lib(system_win32.obj)" или на "C:\dev\SW3NCW.Installer\Release\libcurl.pdb"; компоновка объекта выполняется как при отсутствии отладочных данных
libcurl.lib(telnet.obj) : warning LNK4099: "libcurl.pdb" PDB не найден с "libcurl.lib(telnet.obj)" или на "C:\dev\SW3NCW.Installer\Release\libcurl.pdb"; компоновка объекта выполняется как при отсутствии отладочных данных
libcurl.lib(tftp.obj) : warning LNK4099: "libcurl.pdb" PDB не найден с "libcurl.lib(tftp.obj)" или на "C:\dev\SW3NCW.Installer\Release\libcurl.pdb"; компоновка объекта выполняется как при отсутствии отладочных данных
libcurl.lib(timeval.obj) : warning LNK4099: "libcurl.pdb" PDB не найден с "libcurl.lib(timeval.obj)" или на "C:\dev\SW3NCW.Installer\Release\libcurl.pdb"; компоновка объекта выполняется как при отсутствии отладочных данных
libcurl.lib(transfer.obj) : warning LNK4099: "libcurl.pdb" PDB не найден с "libcurl.lib(transfer.obj)" или на "C:\dev\SW3NCW.Installer\Release\libcurl.pdb"; компоновка объекта выполняется как при отсутствии отладочных данных
libcurl.lib(urlapi.obj) : warning LNK4099: "libcurl.pdb" PDB не найден с "libcurl.lib(urlapi.obj)" или на "C:\dev\SW3NCW.Installer\Release\libcurl.pdb"; компоновка объекта выполняется как при отсутствии отладочных данных
libcurl.lib(url.obj) : warning LNK4099: "libcurl.pdb" PDB не найден с "libcurl.lib(url.obj)" или на "C:\dev\SW3NCW.Installer\Release\libcurl.pdb"; компоновка объекта выполняется как при отсутствии отладочных данных
libcurl.lib(warnless.obj) : warning LNK4099: "libcurl.pdb" PDB не найден с "libcurl.lib(warnless.obj)" или на "C:\dev\SW3NCW.Installer\Release\libcurl.pdb"; компоновка объекта выполняется как при отсутствии отладочных данных
libcurl.lib(wildcard.obj) : warning LNK4099: "libcurl.pdb" PDB не найден с "libcurl.lib(wildcard.obj)" или на "C:\dev\SW3NCW.Installer\Release\libcurl.pdb"; компоновка объекта выполняется как при отсутствии отладочных данных
libcurl.lib(cleartext.obj) : warning LNK4099: "libcurl.pdb" PDB не найден с "libcurl.lib(cleartext.obj)" или на "C:\dev\SW3NCW.Installer\Release\libcurl.pdb"; компоновка объекта выполняется как при отсутствии отладочных данных
libcurl.lib(cram.obj) : warning LNK4099: "libcurl.pdb" PDB не найден с "libcurl.lib(cram.obj)" или на "C:\dev\SW3NCW.Installer\Release\libcurl.pdb"; компоновка объекта выполняется как при отсутствии отладочных данных
libcurl.lib(digest.obj) : warning LNK4099: "libcurl.pdb" PDB не найден с "libcurl.lib(digest.obj)" или на "C:\dev\SW3NCW.Installer\Release\libcurl.pdb"; компоновка объекта выполняется как при отсутствии отладочных данных
libcurl.lib(ntlm.obj) : warning LNK4099: "libcurl.pdb" PDB не найден с "libcurl.lib(ntlm.obj)" или на "C:\dev\SW3NCW.Installer\Release\libcurl.pdb"; компоновка объекта выполняется как при отсутствии отладочных данных
libcurl.lib(oauth2.obj) : warning LNK4099: "libcurl.pdb" PDB не найден с "libcurl.lib(oauth2.obj)" или на "C:\dev\SW3NCW.Installer\Release\libcurl.pdb"; компоновка объекта выполняется как при отсутствии отладочных данных
libcurl.lib(vauth.obj) : warning LNK4099: "libcurl.pdb" PDB не найден с "libcurl.lib(vauth.obj)" или на "C:\dev\SW3NCW.Installer\Release\libcurl.pdb"; компоновка объекта выполняется как при отсутствии отладочных данных
libcurl.lib(vtls.obj) : warning LNK4099: "libcurl.pdb" PDB не найден с "libcurl.lib(vtls.obj)" или на "C:\dev\SW3NCW.Installer\Release\libcurl.pdb"; компоновка объекта выполняется как при отсутствии отладочных данных
  SW3NCW.Installer.vcxproj -> C:\dev\SW3NCW.Installer\Release\SW3NCW.Installer.exe
