c:\dev\sw3ncw.installer\sw3ncw.installer\release\vc142.pdb
c:\dev\sw3ncw.installer\sw3ncw.installer\release\pugixml_read.obj
c:\dev\sw3ncw.installer\sw3ncw.installer\release\main.obj
c:\dev\sw3ncw.installer\sw3ncw.installer\release\logclass.obj
c:\dev\sw3ncw.installer\sw3ncw.installer\release\pugixml.obj
c:\dev\sw3ncw.installer\sw3ncw.installer\release\fileclass.obj
c:\dev\sw3ncw.installer\sw3ncw.installer\release\cnsclass.obj
c:\dev\sw3ncw.installer\release\sw3ncw.installer.exe
c:\dev\sw3ncw.installer\release\sw3ncw.installer.pdb
c:\dev\sw3ncw.installer\sw3ncw.installer\res.rc
c:\dev\sw3ncw.installer\release\sw3ncw.installer.ipdb
c:\dev\sw3ncw.installer\release\sw3ncw.installer.iobj
c:\dev\sw3ncw.installer\sw3ncw.installer\release\sw3ncw.installer.tlog\cl.command.1.tlog
c:\dev\sw3ncw.installer\sw3ncw.installer\release\sw3ncw.installer.tlog\cl.read.1.tlog
c:\dev\sw3ncw.installer\sw3ncw.installer\release\sw3ncw.installer.tlog\cl.write.1.tlog
c:\dev\sw3ncw.installer\sw3ncw.installer\release\sw3ncw.installer.tlog\link.command.1.tlog
c:\dev\sw3ncw.installer\sw3ncw.installer\release\sw3ncw.installer.tlog\link.read.1.tlog
c:\dev\sw3ncw.installer\sw3ncw.installer\release\sw3ncw.installer.tlog\link.write.1.tlog
c:\dev\sw3ncw.installer\sw3ncw.installer\release\sw3ncw.installer.tlog\rc.command.1.tlog
c:\dev\sw3ncw.installer\sw3ncw.installer\release\sw3ncw.installer.tlog\rc.read.1.tlog
c:\dev\sw3ncw.installer\sw3ncw.installer\release\sw3ncw.installer.tlog\rc.write.1.tlog
c:\dev\sw3ncw.installer\sw3ncw.installer\release\sw3ncw.installer.tlog\sw3ncw.installer.write.1u.tlog
