c:\dev\sw3ncw.installer\sw3ncw.installer\x64-release\vc142.pdb
c:\dev\sw3ncw.installer\sw3ncw.installer\x64-release\pugixml_read.obj
c:\dev\sw3ncw.installer\sw3ncw.installer\x64-release\main.obj
c:\dev\sw3ncw.installer\sw3ncw.installer\x64-release\logclass.obj
c:\dev\sw3ncw.installer\sw3ncw.installer\x64-release\pugixml.obj
c:\dev\sw3ncw.installer\sw3ncw.installer\x64-release\fileclass.obj
c:\dev\sw3ncw.installer\sw3ncw.installer\x64-release\cnsclass.obj
c:\dev\sw3ncw.installer\x64-release\sw3ncw.installer.exe
c:\dev\sw3ncw.installer\x64-release\sw3ncw.installer.pdb
c:\dev\sw3ncw.installer\sw3ncw.installer\x64-release\res.res
c:\dev\sw3ncw.installer\x64-release\sw3ncw.installer.ipdb
c:\dev\sw3ncw.installer\x64-release\sw3ncw.installer.iobj
c:\dev\sw3ncw.installer\sw3ncw.installer\x64-release\sw3ncw.installer.tlog\cl.command.1.tlog
c:\dev\sw3ncw.installer\sw3ncw.installer\x64-release\sw3ncw.installer.tlog\cl.read.1.tlog
c:\dev\sw3ncw.installer\sw3ncw.installer\x64-release\sw3ncw.installer.tlog\cl.write.1.tlog
c:\dev\sw3ncw.installer\sw3ncw.installer\x64-release\sw3ncw.installer.tlog\link.command.1.tlog
c:\dev\sw3ncw.installer\sw3ncw.installer\x64-release\sw3ncw.installer.tlog\link.read.1.tlog
c:\dev\sw3ncw.installer\sw3ncw.installer\x64-release\sw3ncw.installer.tlog\link.write.1.tlog
c:\dev\sw3ncw.installer\sw3ncw.installer\x64-release\sw3ncw.installer.tlog\rc.command.1.tlog
c:\dev\sw3ncw.installer\sw3ncw.installer\x64-release\sw3ncw.installer.tlog\rc.read.1.tlog
c:\dev\sw3ncw.installer\sw3ncw.installer\x64-release\sw3ncw.installer.tlog\rc.write.1.tlog
c:\dev\sw3ncw.installer\sw3ncw.installer\x64-release\sw3ncw.installer.tlog\sw3ncw.installer.write.1u.tlog
